<?xml version="1.0" encoding="UTF-8"?>
<!-- Generated by org.testng.reporters.JUnitReportReporter -->
<testsuite hostname="DESKTOP-HMQ0NV6" failures="0" tests="1" name="com.test.DashboardHomeTest" time="16.252" errors="0" timestamp="2024-11-27T12:53:51 IST" skipped="0">
  <testcase classname="com.test.DashboardHomeTest" name="verifyLabManagement" time="16.252"/>
</testsuite> <!-- com.test.DashboardHomeTest -->
