<?xml version="1.0" encoding="UTF-8"?>
<!-- Generated by org.testng.reporters.JUnitReportReporter -->
<testsuite hostname="DESKTOP-HMQ0NV6" failures="0" tests="1" name="com.test.OwnerAnimalTest" time="25.880" errors="0" timestamp="2024-12-02T10:39:25 IST" skipped="0">
  <testcase classname="com.test.OwnerAnimalTest" name="verifyWhetherDistrictisAutopopulated" time="25.880"/>
  <system-out/>
</testsuite> <!-- com.test.OwnerAnimalTest -->
