<?xml version="1.0" encoding="UTF-8"?>
<!-- Generated by org.testng.reporters.JUnitReportReporter -->
<testsuite hostname="DESKTOP-HMQ0NV6" failures="0" tests="1" name="com.test.LoginTest" time="12.970" errors="0" timestamp="2024-11-28T10:02:02 IST" skipped="0">
  <testcase classname="com.test.LoginTest" name="verifyvalidLogin" time="12.970"/>
</testsuite> <!-- com.test.LoginTest -->
