<?xml version="1.0" encoding="UTF-8"?>
<!-- Generated by org.testng.reporters.JUnitReportReporter -->
<testsuite hostname="DESKTOP-HMQ0NV6" failures="0" tests="1" name="com.test.WelcomeScreenTest" time="6.669" errors="0" timestamp="2024-11-26T14:20:31 IST" skipped="0">
  <testcase classname="com.test.WelcomeScreenTest" name="verifyLoginButton" time="6.669"/>
</testsuite> <!-- com.test.WelcomeScreenTest -->
